
2025-01-28T05:01:56+03:00 [INFO] File uploaded

2025-01-28T05:01:56+03:00 [DEBUG] Error processing request

2025-01-28T05:01:56+03:00 [DEBUG] User logged in

2025-01-28T05:01:56+03:00 [DEBUG] Database connection established

2025-01-28T05:01:56+03:00 [ERROR] Error processing request

2025-01-28T05:01:56+03:00 [ERROR] User logged in

2025-01-28T05:01:57+03:00 [INFO] Database connection established

2025-01-28T05:01:57+03:00 [INFO] User logged out

2025-01-28T05:01:57+03:00 [ERROR] Database connection established

2025-01-28T05:01:57+03:00 [DEBUG] User logged out

2025-01-28T05:01:57+03:00 [INFO] Error processing request

2025-01-28T05:01:57+03:00 [INFO] Database connection established

2025-01-28T05:01:57+03:00 [ERROR] File uploaded

2025-01-28T05:01:57+03:00 [ERROR] Error processing request

2025-01-28T05:01:57+03:00 [ERROR] File uploaded

2025-01-28T05:01:57+03:00 [INFO] User logged out

2025-01-28T05:01:58+03:00 [INFO] User logged in

2025-01-28T05:01:58+03:00 [DEBUG] Database connection established

2025-01-28T05:01:58+03:00 [ERROR] User logged out

2025-01-28T05:01:58+03:00 [DEBUG] User logged out

2025-01-28T05:01:58+03:00 [ERROR] File uploaded

2025-01-28T05:01:58+03:00 [INFO] User logged in

2025-01-28T05:01:58+03:00 [ERROR] Error processing request

2025-01-28T05:01:58+03:00 [ERROR] Invalid input received

2025-01-28T05:01:58+03:00 [DEBUG] Error processing request

2025-01-28T05:01:58+03:00 [DEBUG] User logged out

2025-01-28T05:01:59+03:00 [ERROR] Error processing request

2025-01-28T05:01:59+03:00 [INFO] User logged out

2025-01-28T05:01:59+03:00 [INFO] Database connection established

2025-01-28T05:01:59+03:00 [ERROR] User logged in

2025-01-28T05:01:59+03:00 [INFO] User logged in

2025-01-28T05:01:59+03:00 [INFO] Error processing request

2025-01-28T05:01:59+03:00 [INFO] User logged out

2025-01-28T05:01:59+03:00 [ERROR] User logged in

2025-01-28T05:01:59+03:00 [DEBUG] File uploaded

2025-01-28T05:01:59+03:00 [INFO] Error processing request

2025-01-28T05:02:00+03:00 [ERROR] User logged out

2025-01-28T05:02:00+03:00 [INFO] Invalid input received

2025-01-28T05:02:00+03:00 [ERROR] User logged out

2025-01-28T05:02:00+03:00 [INFO] Invalid input received

2025-01-28T05:02:00+03:00 [DEBUG] Error processing request

2025-01-28T05:02:00+03:00 [ERROR] File uploaded

2025-01-28T05:02:00+03:00 [DEBUG] Error processing request

2025-01-28T05:02:00+03:00 [ERROR] Invalid input received

2025-01-28T05:02:00+03:00 [INFO] Error processing request

2025-01-28T05:02:00+03:00 [DEBUG] File uploaded

2025-01-28T05:02:01+03:00 [DEBUG] User logged in

2025-01-28T05:02:01+03:00 [INFO] File uploaded

2025-01-28T05:02:01+03:00 [ERROR] Invalid input received

2025-01-28T05:02:01+03:00 [DEBUG] User logged out

2025-01-28T05:02:01+03:00 [INFO] Invalid input received

2025-01-28T05:02:01+03:00 [INFO] File uploaded

2025-01-28T05:02:01+03:00 [INFO] File uploaded

2025-01-28T05:02:01+03:00 [ERROR] File uploaded

2025-01-28T05:02:01+03:00 [ERROR] User logged in

2025-01-28T05:02:01+03:00 [ERROR] File uploaded

2025-01-28T05:02:02+03:00 [DEBUG] User logged in

2025-01-28T05:02:02+03:00 [DEBUG] Database connection established

2025-01-28T05:02:02+03:00 [DEBUG] Invalid input received

2025-01-28T05:02:02+03:00 [DEBUG] Invalid input received

2025-01-28T05:02:02+03:00 [INFO] User logged out

2025-01-28T05:02:02+03:00 [INFO] User logged in

2025-01-28T05:02:02+03:00 [DEBUG] Invalid input received

2025-01-28T05:02:02+03:00 [DEBUG] File uploaded

2025-01-28T05:02:02+03:00 [INFO] User logged out

2025-01-28T05:02:02+03:00 [INFO] File uploaded

2025-01-28T05:02:03+03:00 [ERROR] Error processing request

2025-01-28T05:02:03+03:00 [INFO] User logged out

2025-01-28T05:02:03+03:00 [INFO] User logged in

2025-01-28T05:02:03+03:00 [DEBUG] User logged out

2025-01-28T05:02:03+03:00 [INFO] Error processing request

2025-01-28T05:02:03+03:00 [ERROR] Database connection established

2025-01-28T05:02:03+03:00 [DEBUG] User logged out

2025-01-28T05:02:03+03:00 [DEBUG] User logged in

2025-01-28T05:02:03+03:00 [INFO] Error processing request

2025-01-28T05:02:04+03:00 [DEBUG] User logged out

2025-01-28T05:02:04+03:00 [ERROR] Invalid input received

2025-01-28T05:02:04+03:00 [DEBUG] User logged out

2025-01-28T05:02:04+03:00 [ERROR] User logged out

2025-01-28T05:02:04+03:00 [INFO] Error processing request

2025-01-28T05:02:04+03:00 [DEBUG] File uploaded

2025-01-28T05:02:04+03:00 [DEBUG] Error processing request

2025-01-28T05:02:04+03:00 [INFO] User logged in

2025-01-28T05:02:04+03:00 [ERROR] Database connection established

2025-01-28T05:02:04+03:00 [DEBUG] User logged out

2025-01-28T05:02:05+03:00 [INFO] User logged in

2025-01-28T05:02:05+03:00 [DEBUG] Invalid input received

2025-01-28T05:02:05+03:00 [ERROR] File uploaded

2025-01-28T05:02:05+03:00 [INFO] Database connection established

2025-01-28T05:02:05+03:00 [ERROR] User logged in

2025-01-28T05:02:05+03:00 [INFO] File uploaded

2025-01-28T05:02:05+03:00 [DEBUG] Invalid input received

2025-01-28T05:02:05+03:00 [INFO] File uploaded

2025-01-28T05:02:05+03:00 [INFO] Database connection established

2025-01-28T05:02:05+03:00 [INFO] File uploaded

2025-01-28T05:02:06+03:00 [INFO] User logged in

2025-01-28T05:02:06+03:00 [DEBUG] Error processing request

2025-01-28T05:02:06+03:00 [ERROR] User logged out

2025-01-28T05:02:06+03:00 [INFO] Invalid input received

2025-01-28T05:02:06+03:00 [DEBUG] Invalid input received

